<?xml version="1.0" encoding="UTF-8"?>
<!-- Generated by org.testng.reporters.JUnitReportReporter -->
<testsuite hostname="dgmac.local" name="com.iClip.iClip.js.JsInteractionTest" tests="1" failures="0" timestamp="12 Nov 2015 16:40:32 GMT" time="4.254" errors="0">
  <testcase name="testCallbackFromJavaScript" time="4.254" classname="com.iClip.iClip.js.JsInteractionTest"/>
</testsuite> <!-- com.iClip.iClip.js.JsInteractionTest -->
